<?xml version="1.0" encoding="UTF-8"?>
<!-- Generated by org.testng.reporters.JUnitXMLReporter -->
<testsuite hostname="SuneelReddy-PC" name="Default test" tests="10" failures="0" timestamp="9 Dec 2016 23:13:08 GMT" time="146.246" errors="0">
  <testcase name="assertionForRegister1" time="19.882" classname="testNG.com.TestAllTheSites"/>
  <testcase name="assertionForRegister2" time="15.329" classname="testNG.com.TestAllTheSites"/>
  <testcase name="assertionForRegister3" time="16.323" classname="testNG.com.TestAllTheSites"/>
  <testcase name="assertionForRegister4" time="15.649" classname="testNG.com.TestAllTheSites"/>
  <testcase name="forSpiceJet" time="9.173" classname="testNG.com.TestAllTheSites"/>
  <testcase name="mouseHoveringOnElements" time="16.998" classname="testNG.com.TestAllTheSites"/>
  <testcase name="toGetIntoRegisterPage" time="16.627" classname="testNG.com.TestAllTheSites"/>
  <testcase name="verifyBrowserTitleForAmazon" time="10.632" classname="testNG.com.TestAllTheSites"/>
  <testcase name="verifyBrowserTitleForEbay" time="9.23" classname="testNG.com.TestAllTheSites"/>
  <testcase name="verifyBrowserTitleForMacys" time="13.575" classname="testNG.com.TestAllTheSites"/>
</testsuite> <!-- Default test -->
