<?xml version="1.0" encoding="UTF-8"?>
<!-- Generated by org.testng.reporters.JUnitXMLReporter -->
<testsuite hostname="SuneelReddy-PC" name="Include And Exclude" tests="7" failures="0" timestamp="9 Dec 2016 23:19:20 GMT" time="137.891" errors="0">
  <testcase name="assertionForRegister1" time="16.673" classname="testNG.com.TestAllTheSites"/>
  <testcase name="assertionForRegister2" time="14.908" classname="testNG.com.TestAllTheSites"/>
  <testcase name="assertionForRegister3" time="27.605" classname="testNG.com.TestAllTheSites"/>
  <testcase name="assertionForRegister4" time="19.108" classname="testNG.com.TestAllTheSites"/>
  <testcase name="mouseHoveringOnElements" time="25.547" classname="testNG.com.TestAllTheSites"/>
  <testcase name="toGetIntoRegisterPage" time="19.167" classname="testNG.com.TestAllTheSites"/>
  <testcase name="verifyBrowserTitleForEbay" time="14.811" classname="testNG.com.TestAllTheSites"/>
</testsuite> <!-- Include And Exclude -->
