<?xml version="1.0" encoding="UTF-8"?>
<!-- Generated by org.testng.reporters.JUnitXMLReporter -->
<testsuite hostname="SuneelReddy-PC" name="Only Ebay TestCases" tests="7" failures="0" timestamp="9 Dec 2016 23:23:53 GMT" time="108.164" errors="0">
  <testcase name="assertionForRegister1" time="18.122" classname="testNG.com.TestAllTheSites"/>
  <testcase name="assertionForRegister2" time="16.197" classname="testNG.com.TestAllTheSites"/>
  <testcase name="assertionForRegister3" time="15.137" classname="testNG.com.TestAllTheSites"/>
  <testcase name="assertionForRegister4" time="14.26" classname="testNG.com.TestAllTheSites"/>
  <testcase name="mouseHoveringOnElements" time="15.354" classname="testNG.com.TestAllTheSites"/>
  <testcase name="toGetIntoRegisterPage" time="15.724" classname="testNG.com.TestAllTheSites"/>
  <testcase name="verifyBrowserTitleForEbay" time="13.301" classname="testNG.com.TestAllTheSites"/>
</testsuite> <!-- Only Ebay TestCases -->
