<?xml version="1.0" encoding="UTF-8"?>
<!-- Generated by org.testng.reporters.JUnitXMLReporter -->
<testsuite hostname="SuneelReddy-PC" name="Only Ebay TestCases1" tests="7" failures="0" timestamp="10 Dec 2016 01:18:26 GMT" time="227.387" errors="0">
  <testcase name="assertionForRegister1" time="55.748" classname="testNG.com.TestAllTheSites"/>
  <testcase name="assertionForRegister2" time="24.066" classname="testNG.com.TestAllTheSites"/>
  <testcase name="assertionForRegister3" time="32.23" classname="testNG.com.TestAllTheSites"/>
  <testcase name="assertionForRegister4" time="32.924" classname="testNG.com.TestAllTheSites"/>
  <testcase name="mouseHoveringOnElements" time="30.355" classname="testNG.com.TestAllTheSites"/>
  <testcase name="toGetIntoRegisterPage" time="30.109" classname="testNG.com.TestAllTheSites"/>
  <testcase name="verifyBrowserTitleForEbay" time="21.871" classname="testNG.com.TestAllTheSites"/>
</testsuite> <!-- Only Ebay TestCases1 -->
