<?xml version="1.0" encoding="UTF-8"?>
<!-- Generated by org.testng.reporters.JUnitXMLReporter -->
<testsuite hostname="SuneelReddy-PC" name="Test" tests="3" failures="0" timestamp="9 Dec 2016 20:59:29 GMT" time="43.347" errors="0">
  <testcase name="mouseHoveringOnElements" time="18.416" classname="testNG.com.TestAllTheSites"/>
  <testcase name="verifyBrowserTitleForEbay" time="8.853" classname="testNG.com.TestAllTheSites"/>
  <testcase name="verifyBrowserTitleForMacys" time="15.281" classname="testNG.com.TestAllTheSites"/>
</testsuite> <!-- Test -->
