<?xml version="1.0" encoding="UTF-8"?>
<testng-results skipped="0" failed="0" total="1" passed="1">
  <reporter-output>
  </reporter-output>
  <suite name="Default suite" duration-ms="6650" started-at="2016-12-10T20:35:13Z" finished-at="2016-12-10T20:35:20Z">
    <groups>
    </groups>
    <test name="Default test" duration-ms="6650" started-at="2016-12-10T20:35:13Z" finished-at="2016-12-10T20:35:20Z">
      <class name="testNG.com.SwitchingBetweenWindows">
        <test-method status="PASS" signature="startWebDriver()[pri:0, instance:testNG.com.SwitchingBetweenWindows@531be3c5]" name="startWebDriver" is-config="true" duration-ms="6508" started-at="2016-12-10T12:35:07Z" finished-at="2016-12-10T12:35:13Z">
          <reporter-output>
          </reporter-output>
        </test-method> <!-- startWebDriver -->
        <test-method status="PASS" signature="switchBetweenWindow()[pri:0, instance:testNG.com.SwitchingBetweenWindows@531be3c5]" name="switchBetweenWindow" duration-ms="6618" started-at="2016-12-10T12:35:13Z" finished-at="2016-12-10T12:35:20Z">
          <reporter-output>
          </reporter-output>
        </test-method> <!-- switchBetweenWindow -->
      </class> <!-- testNG.com.SwitchingBetweenWindows -->
    </test> <!-- Default test -->
  </suite> <!-- Default suite -->
</testng-results>
